<?xml version="1.0" encoding="UTF-8"?>
<testsuite xmlns:xsi="http://www.w3.org/2001/XMLSchema-instance" xsi:noNamespaceSchemaLocation="https://maven.apache.org/surefire/maven-surefire-plugin/xsd/surefire-test-report-3.0.xsd" version="3.0" name="FirstTest" time="0.127" tests="4" errors="0" skipped="0" failures="1">
  <properties>
    <property name="java.specification.version" value="15"/>
    <property name="sun.jnu.encoding" value="UTF-8"/>
    <property name="java.class.path" value="/Users/sadjadtavakoli/University/lab/berke/clasp/target/test-classes:/Users/sadjadtavakoli/University/lab/berke/clasp/target/classes:/Users/sadjadtavakoli/.m2/repository/org/junit/jupiter/junit-jupiter-api/5.6.0/junit-jupiter-api-5.6.0.jar:/Users/sadjadtavakoli/.m2/repository/org/apiguardian/apiguardian-api/1.1.0/apiguardian-api-1.1.0.jar:/Users/sadjadtavakoli/.m2/repository/org/opentest4j/opentest4j/1.2.0/opentest4j-1.2.0.jar:/Users/sadjadtavakoli/.m2/repository/org/junit/platform/junit-platform-commons/1.6.0/junit-platform-commons-1.6.0.jar:/Users/sadjadtavakoli/.m2/repository/org/junit/jupiter/junit-jupiter-engine/5.6.0/junit-jupiter-engine-5.6.0.jar:/Users/sadjadtavakoli/.m2/repository/org/junit/platform/junit-platform-engine/1.6.0/junit-platform-engine-1.6.0.jar:"/>
    <property name="java.vm.vendor" value="Oracle Corporation"/>
    <property name="sun.arch.data.model" value="64"/>
    <property name="java.vendor.url" value="https://java.oracle.com/"/>
    <property name="os.name" value="Mac OS X"/>
    <property name="java.vm.specification.version" value="15"/>
    <property name="sun.java.launcher" value="SUN_STANDARD"/>
    <property name="user.country" value="CA"/>
    <property name="sun.boot.library.path" value="/Library/Java/JavaVirtualMachines/jdk-15.0.2.jdk/Contents/Home/lib"/>
    <property name="sun.java.command" value="/Users/sadjadtavakoli/University/lab/berke/clasp/target/surefire/surefirebooter15676904827437466120.jar /Users/sadjadtavakoli/University/lab/berke/clasp/target/surefire 2021-08-23T20-13-30_962-jvmRun1 surefire1706583742971147609tmp surefire_09630902783016501286tmp"/>
    <property name="http.nonProxyHosts" value="local|*.local|169.254/16|*.169.254/16"/>
    <property name="jdk.debug" value="release"/>
    <property name="surefire.test.class.path" value="/Users/sadjadtavakoli/University/lab/berke/clasp/target/test-classes:/Users/sadjadtavakoli/University/lab/berke/clasp/target/classes:/Users/sadjadtavakoli/.m2/repository/org/junit/jupiter/junit-jupiter-api/5.6.0/junit-jupiter-api-5.6.0.jar:/Users/sadjadtavakoli/.m2/repository/org/apiguardian/apiguardian-api/1.1.0/apiguardian-api-1.1.0.jar:/Users/sadjadtavakoli/.m2/repository/org/opentest4j/opentest4j/1.2.0/opentest4j-1.2.0.jar:/Users/sadjadtavakoli/.m2/repository/org/junit/platform/junit-platform-commons/1.6.0/junit-platform-commons-1.6.0.jar:/Users/sadjadtavakoli/.m2/repository/org/junit/jupiter/junit-jupiter-engine/5.6.0/junit-jupiter-engine-5.6.0.jar:/Users/sadjadtavakoli/.m2/repository/org/junit/platform/junit-platform-engine/1.6.0/junit-platform-engine-1.6.0.jar:"/>
    <property name="sun.cpu.endian" value="little"/>
    <property name="user.home" value="/Users/sadjadtavakoli"/>
    <property name="user.language" value="en"/>
    <property name="java.specification.vendor" value="Oracle Corporation"/>
    <property name="java.version.date" value="2021-01-19"/>
    <property name="java.home" value="/Library/Java/JavaVirtualMachines/jdk-15.0.2.jdk/Contents/Home"/>
    <property name="file.separator" value="/"/>
    <property name="basedir" value="/Users/sadjadtavakoli/University/lab/berke/clasp"/>
    <property name="java.vm.compressedOopsMode" value="Zero based"/>
    <property name="line.separator" value="&#10;"/>
    <property name="java.specification.name" value="Java Platform API Specification"/>
    <property name="java.vm.specification.vendor" value="Oracle Corporation"/>
    <property name="surefire.real.class.path" value="/Users/sadjadtavakoli/University/lab/berke/clasp/target/surefire/surefirebooter15676904827437466120.jar"/>
    <property name="sun.management.compiler" value="HotSpot 64-Bit Tiered Compilers"/>
    <property name="ftp.nonProxyHosts" value="local|*.local|169.254/16|*.169.254/16"/>
    <property name="java.runtime.version" value="15.0.2+7-27"/>
    <property name="user.name" value="sadjadtavakoli"/>
    <property name="path.separator" value=":"/>
    <property name="os.version" value="10.16"/>
    <property name="java.runtime.name" value="Java(TM) SE Runtime Environment"/>
    <property name="file.encoding" value="UTF-8"/>
    <property name="java.vm.name" value="Java HotSpot(TM) 64-Bit Server VM"/>
    <property name="localRepository" value="/Users/sadjadtavakoli/.m2/repository"/>
    <property name="java.vendor.url.bug" value="https://bugreport.java.com/bugreport/"/>
    <property name="java.io.tmpdir" value="/var/folders/c6/w0q19v596ds_2tr377yp58zr0000gn/T/"/>
    <property name="java.version" value="15.0.2"/>
    <property name="user.dir" value="/Users/sadjadtavakoli/University/lab/berke/clasp"/>
    <property name="os.arch" value="x86_64"/>
    <property name="java.vm.specification.name" value="Java Virtual Machine Specification"/>
    <property name="java.library.path" value="/Users/sadjadtavakoli/Library/Java/Extensions:/Library/Java/Extensions:/Network/Library/Java/Extensions:/System/Library/Java/Extensions:/usr/lib/java:."/>
    <property name="java.vm.info" value="mixed mode, sharing"/>
    <property name="java.vendor" value="Oracle Corporation"/>
    <property name="java.vm.version" value="15.0.2+7-27"/>
    <property name="sun.io.unicode.encoding" value="UnicodeBig"/>
    <property name="socksNonProxyHosts" value="local|*.local|169.254/16|*.169.254/16"/>
    <property name="java.class.version" value="59.0"/>
  </properties>
  <testcase name="testReptitivePatternNoItemset" classname="FirstTest" time="0.053"/>
  <testcase name="testReqularOne" classname="FirstTest" time="0.011"/>
  <testcase name="testReptitivePatternsInAndbetweenItemset" classname="FirstTest" time="0.001"/>
  <testcase name="testReptitivePatternItemset" classname="FirstTest" time="0.016">
    <failure type="org.opentest4j.AssertionFailedError"><![CDATA[org.opentest4j.AssertionFailedError: array lengths differ, expected: <1> but was: <3>
	at FirstTest.testReptitivePatternItemset(FirstTest.java:53)
]]></failure>
    <system-out><![CDATA[ClaSP: The algorithm takes 0 seconds and finds 21 patterns
here
0
0
0
0
0
0
0
0
0
0
0
0
0
0
0
0
0
0
0
0
0
0
0
0
0
0
0
0
0
0
0
0
0
0
0
0
0
0
0
0
0
0
0
0
0
0
0
0
0
0
0
0
0
0
0
0
0
0
0
0
0
0
0
0
0
0
0
0
0
0
0
0
0
0
0
0
0
0
[]
[ -> a	(64)]=,  -> a -> c	(64)]=,  -> a -> c -> d	(64)]=,  -> a -> c d	(64)]=,  -> a -> c d -> d	(64)]=,  -> a -> c d	(64)]=,  -> a -> c d -> d	(64)]=,  -> a -> c d	(64)]=,  -> a -> c d -> d	(64)]=,  -> a -> d	(64)]=,  -> a -> d -> d	(64)]=,  -> a -> f	(64)]=,  -> a -> f -> c	(64)]=,  -> a -> f -> c -> d	(64)]=,  -> a -> f -> c d	(64)]=,  -> a -> f -> c d -> d	(64)]=,  -> a -> f -> c d	(64)]=,  -> a -> f -> c d -> d	(64)]=,  -> a -> f -> c d	(64)]=,  -> a -> f -> c d -> d	(64)]=,  -> a -> f -> d	(64)]=,  -> a -> f -> d -> d	(64)]=,  -> a d	(64)]=,  -> a d -> c	(64)]=,  -> a d -> c -> d	(64)]=,  -> a d -> c d	(64)]=,  -> a d -> c d -> d	(64)]=,  -> a d -> d	(64)]=,  -> a d -> d -> d	(64)]=,  -> a d -> f	(64)]=,  -> a d -> f -> c	(64)]=,  -> a d -> f -> c -> d	(64)]=,  -> a d -> f -> c d	(64)]=,  -> a d -> f -> c d -> d	(64)]=,  -> a d -> f -> c d	(64)]=,  -> a d -> f -> c d -> d	(64)]=,  -> a d -> f -> c d	(64)]=,  -> a d -> f -> c d -> d	(64)]=,  -> a d -> f -> d	(64)]=,  -> a d -> f -> d -> d	(64)]=,  -> c	(64)]=,  -> c -> d	(64)]=,  -> c d	(64)]=,  -> c d -> d	(64)]=,  -> c d	(64)]=,  -> c d -> d	(64)]=,  -> c d	(64)]=,  -> c d -> d	(64)]=,  -> d	(64)]=,  -> d -> c	(64)]=,  -> d -> c -> d	(64)]=,  -> d -> c d	(64)]=,  -> d -> c d -> d	(64)]=,  -> d -> d	(64)]=,  -> d -> d -> d	(64)]=,  -> d -> f	(64)]=,  -> d -> f -> c	(64)]=,  -> d -> f -> c -> d	(64)]=,  -> d -> f -> c d	(64)]=,  -> d -> f -> c d -> d	(64)]=,  -> d -> f -> c d	(64)]=,  -> d -> f -> c d -> d	(64)]=,  -> d -> f -> c d	(64)]=,  -> d -> f -> c d -> d	(64)]=,  -> d -> f -> d	(64)]=,  -> d -> f -> d -> d	(64)]=,  -> f	(64)]=,  -> f -> c	(64)]=,  -> f -> c -> d	(64)]=,  -> f -> c d	(64)]=,  -> f -> c d -> d	(64)]=,  -> f -> c d	(64)]=,  -> f -> c d -> d	(64)]=,  -> f -> c d	(64)]=,  -> f -> c d -> d	(64)]=,  -> f -> d	(64)]=,  -> f -> d -> d	(64)]=]
ClaSP:The post-processing algorithm to remove the non-Closed patterns takes 0 seconds and finds 3 closed patterns
=============  Algorithm - STATISTICS =============
 Total time ~ -1629774815013 ms
 Frequent closed sequences count : 3
 Join count : 0 Max memory (mb):17.724769592285156

***Level 0***


***Level 1***


***Level 2***


***Level 3***


***Level 4***


***Level 5***


***Level 6***

a d -1 f -1 c d -1 d -1 #SUP: 4
a d -1 f -1 c d -1 d -1 #SUP: 4
a d -1 f -1 c d -1 d -1 #SUP: 4

===================================================

Minsup (relative) : 0.5
21 patterns found.
=============  Algorithm - STATISTICS =============
 Total time ~ 7 ms
 Frequent closed sequences count : 3
 Join count : 19 Max memory (mb):18.716995239257812

***Level 0***


***Level 1***


***Level 2***


***Level 3***


***Level 4***


***Level 5***


***Level 6***

a d -1 f -1 c d -1 d -1 #SUP: 4
a d -1 f -1 c d -1 d -1 #SUP: 4
a d -1 f -1 c d -1 d -1 #SUP: 4

===================================================

]]></system-out>
    <system-err><![CDATA[Before removing NonClosed patterns there are 21 patterns
]]></system-err>
  </testcase>
</testsuite>